{"name":"byMail","status":"failed","statusDetails":{"known":false,"muted":false,"flaky":false,"message":"Element not found {By.xpath: //label[contains(text(),'Yes')]}\r\nExpected: visible or transparent: visible or have css value opacity=0\r\nScreenshot: file:/C:/Users/Pavel/Desktop/Lesons/sparc/build/reports/tests/1607067643615.0.png\r\nPage source: file:/C:/Users/Pavel/Desktop/Lesons/sparc/build/reports/tests/1607067643615.0.html\r\nTimeout: 4 s.\r\nCaused by: NoSuchElementException: no such element: Unable to locate element: {\"method\":\"xpath\",\"selector\":\"//label[contains(text(),'Yes')]\"}","trace":"Element not found {By.xpath: //label[contains(text(),'Yes')]}\r\nExpected: visible or transparent: visible or have css value opacity=0\r\nScreenshot: file:/C:/Users/Pavel/Desktop/Lesons/sparc/build/reports/tests/1607067643615.0.png\r\nPage source: file:/C:/Users/Pavel/Desktop/Lesons/sparc/build/reports/tests/1607067643615.0.html\r\nTimeout: 4 s.\r\nCaused by: NoSuchElementException: no such element: Unable to locate element: {\"method\":\"xpath\",\"selector\":\"//label[contains(text(),'Yes')]\"}\r\n\tat com.codeborne.selenide.impl.WebElementSource.createElementNotFoundError(WebElementSource.java:56)\r\n\tat com.codeborne.selenide.impl.ElementFinder.createElementNotFoundError(ElementFinder.java:136)\r\n\tat com.codeborne.selenide.impl.WebElementSource.checkCondition(WebElementSource.java:87)\r\n\tat com.codeborne.selenide.impl.WebElementSource.findAndAssertElementIsInteractable(WebElementSource.java:112)\r\n\tat com.codeborne.selenide.commands.Click.execute(Click.java:22)\r\n\tat com.codeborne.selenide.commands.Click.execute(Click.java:15)\r\n\tat com.codeborne.selenide.commands.Commands.execute(Commands.java:153)\r\n\tat com.codeborne.selenide.impl.SelenideElementProxy.dispatchAndRetry(SelenideElementProxy.java:112)\r\n\tat com.codeborne.selenide.impl.SelenideElementProxy.invoke(SelenideElementProxy.java:68)\r\n\tat com.sun.proxy.$Proxy7.click(Unknown Source)\r\n\tat world.sparc.automation.ui.pages.Registration.imOverTwelve(Registration.java:59)\r\n\tat world.sparc.automation.ui.tests.registration.RegistrationTest.byMail(RegistrationTest.java:24)\r\n\tat sun.reflect.NativeMethodAccessorImpl.invoke0(Native Method)\r\n\tat sun.reflect.NativeMethodAccessorImpl.invoke(NativeMethodAccessorImpl.java:62)\r\n\tat sun.reflect.DelegatingMethodAccessorImpl.invoke(DelegatingMethodAccessorImpl.java:43)\r\n\tat java.lang.reflect.Method.invoke(Method.java:498)\r\n\tat org.testng.internal.MethodInvocationHelper.invokeMethod(MethodInvocationHelper.java:124)\r\n\tat org.testng.internal.Invoker.invokeMethod(Invoker.java:583)\r\n\tat org.testng.internal.Invoker.invokeTestMethod(Invoker.java:719)\r\n\tat org.testng.internal.Invoker.invokeTestMethods(Invoker.java:989)\r\n\tat org.testng.internal.TestMethodWorker.invokeTestMethods(TestMethodWorker.java:125)\r\n\tat org.testng.internal.TestMethodWorker.run(TestMethodWorker.java:109)\r\n\tat org.testng.TestRunner.privateRun(TestRunner.java:648)\r\n\tat org.testng.TestRunner.run(TestRunner.java:505)\r\n\tat org.testng.SuiteRunner.runTest(SuiteRunner.java:455)\r\n\tat org.testng.SuiteRunner.runSequentially(SuiteRunner.java:450)\r\n\tat org.testng.SuiteRunner.privateRun(SuiteRunner.java:415)\r\n\tat org.testng.SuiteRunner.run(SuiteRunner.java:364)\r\n\tat org.testng.SuiteRunnerWorker.runSuite(SuiteRunnerWorker.java:52)\r\n\tat org.testng.SuiteRunnerWorker.run(SuiteRunnerWorker.java:84)\r\n\tat org.testng.TestNG.runSuitesSequentially(TestNG.java:1208)\r\n\tat org.testng.TestNG.runSuitesLocally(TestNG.java:1137)\r\n\tat org.testng.TestNG.runSuites(TestNG.java:1049)\r\n\tat org.testng.TestNG.run(TestNG.java:1017)\r\n\tat org.testng.IDEARemoteTestNG.run(IDEARemoteTestNG.java:73)\r\n\tat org.testng.RemoteTestNGStarter.main(RemoteTestNGStarter.java:123)\r\nCaused by: org.openqa.selenium.NoSuchElementException: no such element: Unable to locate element: {\"method\":\"xpath\",\"selector\":\"//label[contains(text(),'Yes')]\"}\n  (Session info: chrome=87.0.4280.88)\nFor documentation on this error, please visit: https://www.seleniumhq.org/exceptions/no_such_element.html\nBuild info: version: '3.141.59', revision: 'e82be7d358', time: '2018-11-14T08:17:03'\nSystem info: host: 'DESKTOP-OUF78DE', ip: '192.168.1.7', os.name: 'Windows 10', os.arch: 'amd64', os.version: '10.0', java.version: '1.8.0_261'\nDriver info: org.openqa.selenium.chrome.ChromeDriver\nCapabilities {acceptInsecureCerts: true, browserName: chrome, browserVersion: 87.0.4280.88, chrome: {chromedriverVersion: 87.0.4280.88 (89e2380a3e36c..., userDataDir: C:\\Users\\Pavel\\AppData\\Loca...}, goog:chromeOptions: {debuggerAddress: localhost:52646}, javascriptEnabled: true, networkConnectionEnabled: false, pageLoadStrategy: normal, platform: WINDOWS, platformName: WINDOWS, proxy: Proxy(), setWindowRect: true, strictFileInteractability: false, timeouts: {implicit: 0, pageLoad: 300000, script: 30000}, unhandledPromptBehavior: dismiss and notify, webauthn:virtualAuthenticators: true}\nSession ID: 67b7d603cc83c601ea7436bd91c48e4a\n*** Element info: {Using=xpath, value=//label[contains(text(),'Yes')]}\r\n\tat sun.reflect.GeneratedConstructorAccessor14.newInstance(Unknown Source)\r\n\tat sun.reflect.DelegatingConstructorAccessorImpl.newInstance(DelegatingConstructorAccessorImpl.java:45)\r\n\tat java.lang.reflect.Constructor.newInstance(Constructor.java:423)\r\n\tat org.openqa.selenium.remote.http.W3CHttpResponseCodec.createException(W3CHttpResponseCodec.java:187)\r\n\tat org.openqa.selenium.remote.http.W3CHttpResponseCodec.decode(W3CHttpResponseCodec.java:122)\r\n\tat org.openqa.selenium.remote.http.W3CHttpResponseCodec.decode(W3CHttpResponseCodec.java:49)\r\n\tat org.openqa.selenium.remote.HttpCommandExecutor.execute(HttpCommandExecutor.java:158)\r\n\tat org.openqa.selenium.remote.service.DriverCommandExecutor.execute(DriverCommandExecutor.java:83)\r\n\tat org.openqa.selenium.remote.RemoteWebDriver.execute(RemoteWebDriver.java:552)\r\n\tat org.openqa.selenium.remote.RemoteWebDriver.findElement(RemoteWebDriver.java:323)\r\n\tat org.openqa.selenium.remote.RemoteWebDriver.findElementByXPath(RemoteWebDriver.java:428)\r\n\tat org.openqa.selenium.By$ByXPath.findElement(By.java:353)\r\n\tat org.openqa.selenium.remote.RemoteWebDriver.findElement(RemoteWebDriver.java:315)\r\n\tat com.codeborne.selenide.impl.WebElementSelector.findElement(WebElementSelector.java:65)\r\n\tat com.codeborne.selenide.impl.WebElementSelector.findElement(WebElementSelector.java:40)\r\n\tat com.codeborne.selenide.impl.ElementFinder.getWebElement(ElementFinder.java:104)\r\n\tat com.codeborne.selenide.impl.WebElementSource.checkCondition(WebElementSource.java:72)\r\n\t... 33 more\r\n"},"stage":"finished","steps":[],"attachments":[],"parameters":[],"start":1607067624108,"stop":1607067644150,"uuid":"691c54a6-2ad8-4d0e-8162-6106e915d1bf","historyId":"aa437d9a45a5a3a0a05b802eb24b73fe","fullName":"world.sparc.automation.ui.tests.registration.RegistrationTest.byMail","labels":[{"name":"package","value":"world.sparc.automation.ui.tests.registration.RegistrationTest"},{"name":"testClass","value":"world.sparc.automation.ui.tests.registration.RegistrationTest"},{"name":"testMethod","value":"byMail"},{"name":"parentSuite","value":"Default Suite"},{"name":"suite","value":"sparc"},{"name":"subSuite","value":"world.sparc.automation.ui.tests.registration.RegistrationTest"},{"name":"host","value":"DESKTOP-OUF78DE"},{"name":"thread","value":"5092@DESKTOP-OUF78DE.main(1)"},{"name":"framework","value":"testng"},{"name":"language","value":"java"}],"links":[]}